c:\users\jensh\onedrive\dokumente\git\widerstandsrechnerproj\project1\project1\debug\vc141.pdb
c:\users\jensh\onedrive\dokumente\git\widerstandsrechnerproj\project1\project1\debug\vc141.idb
c:\users\jensh\onedrive\dokumente\git\widerstandsrechnerproj\project1\project1\debug\widrech_auteilentest.obj
c:\users\jensh\onedrive\dokumente\git\widerstandsrechnerproj\project1\project1\debug\widerstandsrechner_grundversion.obj
c:\users\jensh\onedrive\dokumente\gitsurface\widerstandsrechnerproj\project1\project1\debug\vc141.pdb
c:\users\jensh\onedrive\dokumente\gitsurface\widerstandsrechnerproj\project1\project1\debug\vc141.idb
c:\users\jensh\onedrive\dokumente\gitsurface\widerstandsrechnerproj\project1\project1\debug\widerstandsrechner_grundversion.obj
c:\users\jensh\onedrive\dokumente\gitsurface\widerstandsrechnerproj\project1\debug\widerstandsrechner.exe
c:\users\jensh\onedrive\dokumente\gitsurface\widerstandsrechnerproj\project1\debug\widerstandsrechner.ilk
c:\users\jensh\onedrive\dokumente\gitsurface\widerstandsrechnerproj\project1\debug\widerstandsrechner.pdb
c:\users\jensh\onedrive\dokumente\git\widerstandsrechnerproj\project1\debug\widerstandsrechner.exe
c:\users\jensh\onedrive\dokumente\git\widerstandsrechnerproj\project1\debug\widerstandsrechner.ilk
c:\users\jensh\onedrive\dokumente\git\widerstandsrechnerproj\project1\debug\widerstandsrechner.pdb
c:\users\jensh\onedrive\dokumente\git\widerstandsrechnerproj\project1\project1\debug\main.obj
c:\users\jensh\onedrive\dokumente\git\widerstandsrechnerproj\project1\project1\debug\widerstandsrechner.obj
c:\users\jensh\onedrive\dokumente\git\widerstandsrechnerproj\project1\project1\debug\main.obj.enc
c:\users\jensh\onedrive\dokumente\git\widerstandsrechnerproj\project1\project1\debug\nativecodeanalysis.read.1.tlog
c:\users\jensh\onedrive\dokumente\git\widerstandsrechnerproj\project1\project1\debug\vc.nativecodeanalysis.all.xml
c:\users\jensh\onedrive\dokumente\git\widerstandsrechnerproj\project1\project1\debug\widerstandsrechner_grundversion.nativecodeanalysis.xml
c:\users\jensh\onedrive\dokumente\git\widerstandsrechnerproj\project1\debug\widerstandsrechner.exe.lastcodeanalysissucceeded
c:\users\jensh\onedrive\dokumente\git\widerstandsrechnerproj\project1\project1\debug\widersta.58d6d527.tlog\cl.command.1.tlog
c:\users\jensh\onedrive\dokumente\git\widerstandsrechnerproj\project1\project1\debug\widersta.58d6d527.tlog\cl.read.1.tlog
c:\users\jensh\onedrive\dokumente\git\widerstandsrechnerproj\project1\project1\debug\widersta.58d6d527.tlog\cl.write.1.tlog
c:\users\jensh\onedrive\dokumente\git\widerstandsrechnerproj\project1\project1\debug\widersta.58d6d527.tlog\link.command.1.tlog
c:\users\jensh\onedrive\dokumente\git\widerstandsrechnerproj\project1\project1\debug\widersta.58d6d527.tlog\link.read.1.tlog
c:\users\jensh\onedrive\dokumente\git\widerstandsrechnerproj\project1\project1\debug\widersta.58d6d527.tlog\link.write.1.tlog
